D:\S\PLAYING\CONNECT5\CONNECT5\DEBUG\MAIN.OBJ
D:\S\PLAYING\CONNECT5\CONNECT5\DEBUG\MOC_USERINTERACTION.OBJ
D:\S\PLAYING\CONNECT5\CONNECT5\DEBUG\MOC_MOUSEOBSERVER.OBJ
D:\S\PLAYING\CONNECT5\CONNECT5\DEBUG\MOC_MAP.OBJ
D:\S\PLAYING\CONNECT5\CONNECT5\DEBUG\MOC_LOCALMULTIUSERINTERACTION.OBJ
D:\S\PLAYING\CONNECT5\CONNECT5\DEBUG\MOC_GAME.OBJ
D:\S\PLAYING\CONNECT5\CONNECT5\DEBUG\MOC_LAUNCHER.OBJ
D:\S\PLAYING\CONNECT5\CONNECT5\DEBUG\MOC_NETBATTLEUSERINTERACTION.OBJ
D:\S\PLAYING\CONNECT5\CONNECT5\DEBUG\VC110.PDB
D:\S\PLAYING\CONNECT5\CONNECT5\DEBUG\QRC_CONNECT5.OBJ
D:\S\PLAYING\CONNECT5\CONNECT5\GENERATEDFILES\QRC_CONNECT5.CPP
D:\S\PLAYING\CONNECT5\CONNECT5\GENERATEDFILES\DEBUG\MOC_MOUSEOBSERVER.CPP
D:\S\PLAYING\CONNECT5\CONNECT5\GENERATEDFILES\DEBUG\MOC_LAUNCHER.CPP
D:\S\PLAYING\CONNECT5\CONNECT5\GENERATEDFILES\DEBUG\MOC_LOCALMULTIUSERINTERACTION.CPP
D:\S\PLAYING\CONNECT5\CONNECT5\GENERATEDFILES\DEBUG\MOC_NETBATTLEUSERINTERACTION.CPP
D:\S\PLAYING\CONNECT5\CONNECT5\GENERATEDFILES\DEBUG\MOC_USERINTERACTION.CPP
D:\S\PLAYING\CONNECT5\CONNECT5\GENERATEDFILES\DEBUG\MOC_GAME.CPP
D:\S\PLAYING\CONNECT5\CONNECT5\GENERATEDFILES\DEBUG\MOC_MAP.CPP
D:\S\PLAYING\CONNECT5\WIN32\DEBUG\CONNECT5.ILK
D:\S\PLAYING\CONNECT5\WIN32\DEBUG\CONNECT5.EXE
D:\S\PLAYING\CONNECT5\WIN32\DEBUG\CONNECT5.PDB
D:\S\PLAYING\CONNECT5\CONNECT5\DEBUG\CONNECT5.RES
D:\S\playing\Connect5\Connect5\Debug\main.obj
D:\S\playing\Connect5\Connect5\Debug\moc_game.obj
D:\S\playing\Connect5\Connect5\Debug\moc_Launcher.obj
D:\S\playing\Connect5\Connect5\Debug\moc_LocalMultiUserInteraction.obj
D:\S\playing\Connect5\Connect5\Debug\moc_Map.obj
D:\S\playing\Connect5\Connect5\Debug\moc_MouseObserver.obj
D:\S\playing\Connect5\Connect5\Debug\moc_NetBattleUserInteraction.obj
D:\S\playing\Connect5\Connect5\Debug\moc_UserInteraction.obj
D:\S\playing\Connect5\Connect5\Debug\qrc_connect5.obj
D:\S\playing\Connect5\Connect5\Debug\cl.command.1.tlog
D:\S\playing\Connect5\Connect5\Debug\CL.read.1.tlog
D:\S\playing\Connect5\Connect5\Debug\CL.write.1.tlog
D:\S\playing\Connect5\Connect5\Debug\custombuild.command.1.tlog
D:\S\playing\Connect5\Connect5\Debug\custombuild.read.1.tlog
D:\S\playing\Connect5\Connect5\Debug\custombuild.write.1.tlog
D:\S\playing\Connect5\Connect5\Debug\link-cvtres.read.1.tlog
D:\S\playing\Connect5\Connect5\Debug\link-cvtres.write.1.tlog
D:\S\playing\Connect5\Connect5\Debug\link-rc.read.1.tlog
D:\S\playing\Connect5\Connect5\Debug\link-rc.write.1.tlog
D:\S\playing\Connect5\Connect5\Debug\link.10784-cvtres.read.1.tlog
D:\S\playing\Connect5\Connect5\Debug\link.10784-cvtres.write.1.tlog
D:\S\playing\Connect5\Connect5\Debug\link.10784-rc.read.1.tlog
D:\S\playing\Connect5\Connect5\Debug\link.10784-rc.write.1.tlog
D:\S\playing\Connect5\Connect5\Debug\link.10784.read.1.tlog
D:\S\playing\Connect5\Connect5\Debug\link.10784.write.1.tlog
D:\S\playing\Connect5\Connect5\Debug\link.10844-cvtres.read.1.tlog
D:\S\playing\Connect5\Connect5\Debug\link.10844-cvtres.write.1.tlog
D:\S\playing\Connect5\Connect5\Debug\link.10844-rc.read.1.tlog
D:\S\playing\Connect5\Connect5\Debug\link.10844-rc.write.1.tlog
D:\S\playing\Connect5\Connect5\Debug\link.10844.read.1.tlog
D:\S\playing\Connect5\Connect5\Debug\link.10844.write.1.tlog
D:\S\playing\Connect5\Connect5\Debug\link.11132-cvtres.read.1.tlog
D:\S\playing\Connect5\Connect5\Debug\link.11132-cvtres.write.1.tlog
D:\S\playing\Connect5\Connect5\Debug\link.11132-rc.read.1.tlog
D:\S\playing\Connect5\Connect5\Debug\link.11132-rc.write.1.tlog
D:\S\playing\Connect5\Connect5\Debug\link.11132.read.1.tlog
D:\S\playing\Connect5\Connect5\Debug\link.11132.write.1.tlog
D:\S\playing\Connect5\Connect5\Debug\link.1116-cvtres.read.1.tlog
D:\S\playing\Connect5\Connect5\Debug\link.1116-cvtres.write.1.tlog
D:\S\playing\Connect5\Connect5\Debug\link.1116-rc.read.1.tlog
D:\S\playing\Connect5\Connect5\Debug\link.1116-rc.write.1.tlog
D:\S\playing\Connect5\Connect5\Debug\link.1116.read.1.tlog
D:\S\playing\Connect5\Connect5\Debug\link.1116.write.1.tlog
D:\S\playing\Connect5\Connect5\Debug\link.11200-cvtres.read.1.tlog
D:\S\playing\Connect5\Connect5\Debug\link.11200-cvtres.write.1.tlog
D:\S\playing\Connect5\Connect5\Debug\link.11200-rc.read.1.tlog
D:\S\playing\Connect5\Connect5\Debug\link.11200-rc.write.1.tlog
D:\S\playing\Connect5\Connect5\Debug\link.11200.read.1.tlog
D:\S\playing\Connect5\Connect5\Debug\link.11200.write.1.tlog
D:\S\playing\Connect5\Connect5\Debug\link.11236-cvtres.read.1.tlog
D:\S\playing\Connect5\Connect5\Debug\link.11236-cvtres.write.1.tlog
D:\S\playing\Connect5\Connect5\Debug\link.11236-rc.read.1.tlog
D:\S\playing\Connect5\Connect5\Debug\link.11236-rc.write.1.tlog
D:\S\playing\Connect5\Connect5\Debug\link.11236.read.1.tlog
D:\S\playing\Connect5\Connect5\Debug\link.11236.write.1.tlog
D:\S\playing\Connect5\Connect5\Debug\link.1228-cvtres.read.1.tlog
D:\S\playing\Connect5\Connect5\Debug\link.1228-cvtres.write.1.tlog
D:\S\playing\Connect5\Connect5\Debug\link.1228-rc.read.1.tlog
D:\S\playing\Connect5\Connect5\Debug\link.1228-rc.write.1.tlog
D:\S\playing\Connect5\Connect5\Debug\link.1228.read.1.tlog
D:\S\playing\Connect5\Connect5\Debug\link.1228.write.1.tlog
D:\S\playing\Connect5\Connect5\Debug\link.1364-cvtres.read.1.tlog
D:\S\playing\Connect5\Connect5\Debug\link.1364-cvtres.write.1.tlog
D:\S\playing\Connect5\Connect5\Debug\link.1364-rc.read.1.tlog
D:\S\playing\Connect5\Connect5\Debug\link.1364-rc.write.1.tlog
D:\S\playing\Connect5\Connect5\Debug\link.1364.read.1.tlog
D:\S\playing\Connect5\Connect5\Debug\link.1364.write.1.tlog
D:\S\playing\Connect5\Connect5\Debug\link.2468-cvtres.read.1.tlog
D:\S\playing\Connect5\Connect5\Debug\link.2468-cvtres.write.1.tlog
D:\S\playing\Connect5\Connect5\Debug\link.2468-rc.read.1.tlog
D:\S\playing\Connect5\Connect5\Debug\link.2468-rc.write.1.tlog
D:\S\playing\Connect5\Connect5\Debug\link.2468.read.1.tlog
D:\S\playing\Connect5\Connect5\Debug\link.2468.write.1.tlog
D:\S\playing\Connect5\Connect5\Debug\link.4944-cvtres.read.1.tlog
D:\S\playing\Connect5\Connect5\Debug\link.4944-cvtres.write.1.tlog
D:\S\playing\Connect5\Connect5\Debug\link.4944-rc.read.1.tlog
D:\S\playing\Connect5\Connect5\Debug\link.4944-rc.write.1.tlog
D:\S\playing\Connect5\Connect5\Debug\link.4944.read.1.tlog
D:\S\playing\Connect5\Connect5\Debug\link.4944.write.1.tlog
D:\S\playing\Connect5\Connect5\Debug\link.6208-cvtres.read.1.tlog
D:\S\playing\Connect5\Connect5\Debug\link.6208-cvtres.write.1.tlog
D:\S\playing\Connect5\Connect5\Debug\link.6208-rc.read.1.tlog
D:\S\playing\Connect5\Connect5\Debug\link.6208-rc.write.1.tlog
D:\S\playing\Connect5\Connect5\Debug\link.6208.read.1.tlog
D:\S\playing\Connect5\Connect5\Debug\link.6208.write.1.tlog
D:\S\playing\Connect5\Connect5\Debug\link.632-cvtres.read.1.tlog
D:\S\playing\Connect5\Connect5\Debug\link.632-cvtres.write.1.tlog
D:\S\playing\Connect5\Connect5\Debug\link.632-rc.read.1.tlog
D:\S\playing\Connect5\Connect5\Debug\link.632-rc.write.1.tlog
D:\S\playing\Connect5\Connect5\Debug\link.632.read.1.tlog
D:\S\playing\Connect5\Connect5\Debug\link.632.write.1.tlog
D:\S\playing\Connect5\Connect5\Debug\link.6744-cvtres.read.1.tlog
D:\S\playing\Connect5\Connect5\Debug\link.6744-cvtres.write.1.tlog
D:\S\playing\Connect5\Connect5\Debug\link.6744-rc.read.1.tlog
D:\S\playing\Connect5\Connect5\Debug\link.6744-rc.write.1.tlog
D:\S\playing\Connect5\Connect5\Debug\link.6744.read.1.tlog
D:\S\playing\Connect5\Connect5\Debug\link.6744.write.1.tlog
D:\S\playing\Connect5\Connect5\Debug\link.8320-cvtres.read.1.tlog
D:\S\playing\Connect5\Connect5\Debug\link.8320-cvtres.write.1.tlog
D:\S\playing\Connect5\Connect5\Debug\link.8320-rc.read.1.tlog
D:\S\playing\Connect5\Connect5\Debug\link.8320-rc.write.1.tlog
D:\S\playing\Connect5\Connect5\Debug\link.8320.read.1.tlog
D:\S\playing\Connect5\Connect5\Debug\link.8320.write.1.tlog
D:\S\playing\Connect5\Connect5\Debug\link.9156-cvtres.read.1.tlog
D:\S\playing\Connect5\Connect5\Debug\link.9156-cvtres.write.1.tlog
D:\S\playing\Connect5\Connect5\Debug\link.9156-rc.read.1.tlog
D:\S\playing\Connect5\Connect5\Debug\link.9156-rc.write.1.tlog
D:\S\playing\Connect5\Connect5\Debug\link.9156.read.1.tlog
D:\S\playing\Connect5\Connect5\Debug\link.9156.write.1.tlog
D:\S\playing\Connect5\Connect5\Debug\link.9944-cvtres.read.1.tlog
D:\S\playing\Connect5\Connect5\Debug\link.9944-cvtres.write.1.tlog
D:\S\playing\Connect5\Connect5\Debug\link.9944-rc.read.1.tlog
D:\S\playing\Connect5\Connect5\Debug\link.9944-rc.write.1.tlog
D:\S\playing\Connect5\Connect5\Debug\link.9944.read.1.tlog
D:\S\playing\Connect5\Connect5\Debug\link.9944.write.1.tlog
D:\S\playing\Connect5\Connect5\Debug\link.command.1.tlog
D:\S\playing\Connect5\Connect5\Debug\link.read.1.tlog
D:\S\playing\Connect5\Connect5\Debug\link.write.1.tlog
D:\S\playing\Connect5\Connect5\Debug\rc.command.1.tlog
D:\S\playing\Connect5\Connect5\Debug\rc.read.1.tlog
D:\S\playing\Connect5\Connect5\Debug\rc.write.1.tlog
D:\S\playing\Connect5\Connect5\Debug\Connect5.res
D:\S\playing\Connect5\Connect5\Debug\vc110.pdb
D:\S\playing\Connect5\Win32\Debug\Connect5.pdb
D:\S\playing\Connect5\Win32\Debug\Connect5.exe
D:\S\playing\Connect5\Win32\Debug\Connect5.ilk
